6989:C 14 Jul 2022 17:08:01.601 # WARNING supervised by systemd - you MUST set appropriate values for TimeoutStartSec and TimeoutStopSec in your service unit.
6989:C 14 Jul 2022 17:08:01.602 # oO0OoO0OoO0Oo Redis is starting oO0OoO0OoO0Oo
6989:C 14 Jul 2022 17:08:01.602 # Redis version=6.0.9, bits=64, commit=00000000, modified=0, pid=6989, just started
6989:C 14 Jul 2022 17:08:01.602 # Configuration loaded
6989:M 14 Jul 2022 17:08:01.603 * Running mode=standalone, port=6379.
6989:M 14 Jul 2022 17:08:01.603 # Server initialized
6989:M 14 Jul 2022 17:08:01.603 # WARNING overcommit_memory is set to 0! Background save may fail under low memory condition. To fix this issue add 'vm.overcommit_memory = 1' to /etc/sysctl.conf and then reboot or run the command 'sysctl vm.overcommit_memory=1' for this to take effect.
6989:M 14 Jul 2022 17:08:01.603 * Ready to accept connections
6989:M 14 Jul 2022 17:08:18.720 # User requested shutdown...
6989:M 14 Jul 2022 17:08:18.720 * Removing the pid file.
6989:M 14 Jul 2022 17:08:18.720 # Redis is now ready to exit, bye bye...
7037:C 14 Jul 2022 17:08:18.923 # WARNING supervised by systemd - you MUST set appropriate values for TimeoutStartSec and TimeoutStopSec in your service unit.
7037:C 14 Jul 2022 17:08:18.924 # oO0OoO0OoO0Oo Redis is starting oO0OoO0OoO0Oo
7037:C 14 Jul 2022 17:08:18.924 # Redis version=6.0.9, bits=64, commit=00000000, modified=0, pid=7037, just started
7037:C 14 Jul 2022 17:08:18.924 # Configuration loaded
7037:M 14 Jul 2022 17:08:18.925 * Running mode=standalone, port=6379.
7037:M 14 Jul 2022 17:08:18.925 # Server initialized
7037:M 14 Jul 2022 17:08:18.925 # WARNING overcommit_memory is set to 0! Background save may fail under low memory condition. To fix this issue add 'vm.overcommit_memory = 1' to /etc/sysctl.conf and then reboot or run the command 'sysctl vm.overcommit_memory=1' for this to take effect.
7037:M 14 Jul 2022 17:08:18.925 * Ready to accept connections
7037:M 14 Jul 2022 17:12:46.255 # User requested shutdown...
7037:M 14 Jul 2022 17:12:46.255 * Removing the pid file.
7037:M 14 Jul 2022 17:12:46.255 # Redis is now ready to exit, bye bye...
1796:C 14 Jul 2022 17:13:16.024 # WARNING supervised by systemd - you MUST set appropriate values for TimeoutStartSec and TimeoutStopSec in your service unit.
1796:C 14 Jul 2022 17:13:16.024 # oO0OoO0OoO0Oo Redis is starting oO0OoO0OoO0Oo
1796:C 14 Jul 2022 17:13:16.024 # Redis version=6.0.9, bits=64, commit=00000000, modified=0, pid=1796, just started
1796:C 14 Jul 2022 17:13:16.024 # Configuration loaded
1796:M 14 Jul 2022 17:13:16.025 * Running mode=standalone, port=6379.
1796:M 14 Jul 2022 17:13:16.025 # WARNING: The TCP backlog setting of 511 cannot be enforced because /proc/sys/net/core/somaxconn is set to the lower value of 128.
1796:M 14 Jul 2022 17:13:16.025 # Server initialized
1796:M 14 Jul 2022 17:13:16.025 # WARNING overcommit_memory is set to 0! Background save may fail under low memory condition. To fix this issue add 'vm.overcommit_memory = 1' to /etc/sysctl.conf and then reboot or run the command 'sysctl vm.overcommit_memory=1' for this to take effect.
1796:M 14 Jul 2022 17:13:16.025 * Ready to accept connections
1796:M 14 Jul 2022 17:23:03.558 # User requested shutdown...
1796:M 14 Jul 2022 17:23:03.558 * Removing the pid file.
1796:M 14 Jul 2022 17:23:03.558 # Redis is now ready to exit, bye bye...
18621:C 14 Jul 2022 17:23:03.760 # WARNING supervised by systemd - you MUST set appropriate values for TimeoutStartSec and TimeoutStopSec in your service unit.
18621:C 14 Jul 2022 17:23:03.760 # oO0OoO0OoO0Oo Redis is starting oO0OoO0OoO0Oo
18621:C 14 Jul 2022 17:23:03.760 # Redis version=6.0.9, bits=64, commit=00000000, modified=0, pid=18621, just started
18621:C 14 Jul 2022 17:23:03.760 # Configuration loaded
18621:M 14 Jul 2022 17:23:03.761 * Running mode=standalone, port=6379.
18621:M 14 Jul 2022 17:23:03.761 # WARNING: The TCP backlog setting of 511 cannot be enforced because /proc/sys/net/core/somaxconn is set to the lower value of 128.
18621:M 14 Jul 2022 17:23:03.761 # Server initialized
18621:M 14 Jul 2022 17:23:03.761 # WARNING overcommit_memory is set to 0! Background save may fail under low memory condition. To fix this issue add 'vm.overcommit_memory = 1' to /etc/sysctl.conf and then reboot or run the command 'sysctl vm.overcommit_memory=1' for this to take effect.
18621:M 14 Jul 2022 17:23:03.762 * Ready to accept connections
18621:M 14 Jul 2022 17:28:32.342 # User requested shutdown...
18621:M 14 Jul 2022 17:28:32.342 * Removing the pid file.
18621:M 14 Jul 2022 17:28:32.342 # Redis is now ready to exit, bye bye...
9344:C 14 Jul 2022 17:28:32.545 # WARNING supervised by systemd - you MUST set appropriate values for TimeoutStartSec and TimeoutStopSec in your service unit.
9344:C 14 Jul 2022 17:28:32.545 # oO0OoO0OoO0Oo Redis is starting oO0OoO0OoO0Oo
9344:C 14 Jul 2022 17:28:32.545 # Redis version=6.0.9, bits=64, commit=00000000, modified=0, pid=9344, just started
9344:C 14 Jul 2022 17:28:32.545 # Configuration loaded
9344:M 14 Jul 2022 17:28:32.547 * Running mode=standalone, port=6379.
9344:M 14 Jul 2022 17:28:32.547 # WARNING: The TCP backlog setting of 511 cannot be enforced because /proc/sys/net/core/somaxconn is set to the lower value of 128.
9344:M 14 Jul 2022 17:28:32.547 # Server initialized
9344:M 14 Jul 2022 17:28:32.547 # WARNING overcommit_memory is set to 0! Background save may fail under low memory condition. To fix this issue add 'vm.overcommit_memory = 1' to /etc/sysctl.conf and then reboot or run the command 'sysctl vm.overcommit_memory=1' for this to take effect.
9344:M 14 Jul 2022 17:28:32.547 * Ready to accept connections
9344:M 14 Jul 2022 18:44:16.078 # User requested shutdown...
9344:M 14 Jul 2022 18:44:16.078 * Removing the pid file.
9344:M 14 Jul 2022 18:44:16.078 # Redis is now ready to exit, bye bye...
8574:C 14 Jul 2022 18:44:16.281 # WARNING supervised by systemd - you MUST set appropriate values for TimeoutStartSec and TimeoutStopSec in your service unit.
8574:C 14 Jul 2022 18:44:16.281 # oO0OoO0OoO0Oo Redis is starting oO0OoO0OoO0Oo
8574:C 14 Jul 2022 18:44:16.281 # Redis version=6.0.9, bits=64, commit=00000000, modified=0, pid=8574, just started
8574:C 14 Jul 2022 18:44:16.281 # Configuration loaded
8574:M 14 Jul 2022 18:44:16.282 * Running mode=standalone, port=6379.
8574:M 14 Jul 2022 18:44:16.282 # WARNING: The TCP backlog setting of 511 cannot be enforced because /proc/sys/net/core/somaxconn is set to the lower value of 128.
8574:M 14 Jul 2022 18:44:16.282 # Server initialized
8574:M 14 Jul 2022 18:44:16.282 # WARNING overcommit_memory is set to 0! Background save may fail under low memory condition. To fix this issue add 'vm.overcommit_memory = 1' to /etc/sysctl.conf and then reboot or run the command 'sysctl vm.overcommit_memory=1' for this to take effect.
8574:M 14 Jul 2022 18:44:16.283 * Ready to accept connections
8574:M 16 Nov 2022 10:08:11.889 # User requested shutdown...
8574:M 16 Nov 2022 10:08:11.890 * Removing the pid file.
8574:M 16 Nov 2022 10:08:11.890 # Redis is now ready to exit, bye bye...
3985:C 16 Nov 2022 10:08:12.087 # WARNING supervised by systemd - you MUST set appropriate values for TimeoutStartSec and TimeoutStopSec in your service unit.
3985:C 16 Nov 2022 10:08:12.087 # oO0OoO0OoO0Oo Redis is starting oO0OoO0OoO0Oo
3985:C 16 Nov 2022 10:08:12.087 # Redis version=6.0.9, bits=64, commit=00000000, modified=0, pid=3985, just started
3985:C 16 Nov 2022 10:08:12.087 # Configuration loaded
3985:M 16 Nov 2022 10:08:12.089 * Running mode=standalone, port=6379.
3985:M 16 Nov 2022 10:08:12.089 # WARNING: The TCP backlog setting of 511 cannot be enforced because /proc/sys/net/core/somaxconn is set to the lower value of 128.
3985:M 16 Nov 2022 10:08:12.089 # Server initialized
3985:M 16 Nov 2022 10:08:12.089 # WARNING overcommit_memory is set to 0! Background save may fail under low memory condition. To fix this issue add 'vm.overcommit_memory = 1' to /etc/sysctl.conf and then reboot or run the command 'sysctl vm.overcommit_memory=1' for this to take effect.
3985:M 16 Nov 2022 10:08:12.089 * Ready to accept connections
3985:M 16 Nov 2022 10:34:56.252 # User requested shutdown...
3985:M 16 Nov 2022 10:34:56.252 * Removing the pid file.
3985:M 16 Nov 2022 10:34:56.252 # Redis is now ready to exit, bye bye...
28142:C 16 Nov 2022 10:34:56.458 # WARNING supervised by systemd - you MUST set appropriate values for TimeoutStartSec and TimeoutStopSec in your service unit.
28142:C 16 Nov 2022 10:34:56.458 # oO0OoO0OoO0Oo Redis is starting oO0OoO0OoO0Oo
28142:C 16 Nov 2022 10:34:56.458 # Redis version=6.0.9, bits=64, commit=00000000, modified=0, pid=28142, just started
28142:C 16 Nov 2022 10:34:56.458 # Configuration loaded
28142:M 16 Nov 2022 10:34:56.459 * Running mode=standalone, port=6379.
28142:M 16 Nov 2022 10:34:56.459 # WARNING: The TCP backlog setting of 511 cannot be enforced because /proc/sys/net/core/somaxconn is set to the lower value of 128.
28142:M 16 Nov 2022 10:34:56.459 # Server initialized
28142:M 16 Nov 2022 10:34:56.459 # WARNING overcommit_memory is set to 0! Background save may fail under low memory condition. To fix this issue add 'vm.overcommit_memory = 1' to /etc/sysctl.conf and then reboot or run the command 'sysctl vm.overcommit_memory=1' for this to take effect.
28142:M 16 Nov 2022 10:34:56.460 * Ready to accept connections
28142:M 16 Nov 2022 11:41:25.347 # User requested shutdown...
28142:M 16 Nov 2022 11:41:25.347 * Removing the pid file.
28142:M 16 Nov 2022 11:41:25.347 # Redis is now ready to exit, bye bye...
9016:C 16 Nov 2022 11:41:25.552 # WARNING supervised by systemd - you MUST set appropriate values for TimeoutStartSec and TimeoutStopSec in your service unit.
9016:C 16 Nov 2022 11:41:25.552 # oO0OoO0OoO0Oo Redis is starting oO0OoO0OoO0Oo
9016:C 16 Nov 2022 11:41:25.552 # Redis version=6.0.9, bits=64, commit=00000000, modified=0, pid=9016, just started
9016:C 16 Nov 2022 11:41:25.552 # Configuration loaded
9016:M 16 Nov 2022 11:41:25.554 * Running mode=standalone, port=6379.
9016:M 16 Nov 2022 11:41:25.554 # WARNING: The TCP backlog setting of 511 cannot be enforced because /proc/sys/net/core/somaxconn is set to the lower value of 128.
9016:M 16 Nov 2022 11:41:25.554 # Server initialized
9016:M 16 Nov 2022 11:41:25.554 # WARNING overcommit_memory is set to 0! Background save may fail under low memory condition. To fix this issue add 'vm.overcommit_memory = 1' to /etc/sysctl.conf and then reboot or run the command 'sysctl vm.overcommit_memory=1' for this to take effect.
9016:M 16 Nov 2022 11:41:25.554 * Ready to accept connections
9016:M 16 Nov 2022 13:38:41.333 # User requested shutdown...
9016:M 16 Nov 2022 13:38:41.333 * Removing the pid file.
9016:M 16 Nov 2022 13:38:41.333 # Redis is now ready to exit, bye bye...
31812:C 16 Nov 2022 13:38:41.539 # WARNING supervised by systemd - you MUST set appropriate values for TimeoutStartSec and TimeoutStopSec in your service unit.
31812:C 16 Nov 2022 13:38:41.539 # oO0OoO0OoO0Oo Redis is starting oO0OoO0OoO0Oo
31812:C 16 Nov 2022 13:38:41.539 # Redis version=6.0.9, bits=64, commit=00000000, modified=0, pid=31812, just started
31812:C 16 Nov 2022 13:38:41.539 # Configuration loaded
31812:M 16 Nov 2022 13:38:41.541 * Running mode=standalone, port=6379.
31812:M 16 Nov 2022 13:38:41.541 # WARNING: The TCP backlog setting of 511 cannot be enforced because /proc/sys/net/core/somaxconn is set to the lower value of 128.
31812:M 16 Nov 2022 13:38:41.541 # Server initialized
31812:M 16 Nov 2022 13:38:41.541 # WARNING overcommit_memory is set to 0! Background save may fail under low memory condition. To fix this issue add 'vm.overcommit_memory = 1' to /etc/sysctl.conf and then reboot or run the command 'sysctl vm.overcommit_memory=1' for this to take effect.
31812:M 16 Nov 2022 13:38:41.541 * Ready to accept connections
31812:M 16 Nov 2022 14:14:57.501 # User requested shutdown...
31812:M 16 Nov 2022 14:14:57.501 * Removing the pid file.
31812:M 16 Nov 2022 14:14:57.501 # Redis is now ready to exit, bye bye...
12269:C 16 Nov 2022 14:14:57.707 # WARNING supervised by systemd - you MUST set appropriate values for TimeoutStartSec and TimeoutStopSec in your service unit.
12269:C 16 Nov 2022 14:14:57.708 # oO0OoO0OoO0Oo Redis is starting oO0OoO0OoO0Oo
12269:C 16 Nov 2022 14:14:57.708 # Redis version=6.0.9, bits=64, commit=00000000, modified=0, pid=12269, just started
12269:C 16 Nov 2022 14:14:57.708 # Configuration loaded
12269:M 16 Nov 2022 14:14:57.709 * Running mode=standalone, port=6379.
12269:M 16 Nov 2022 14:14:57.709 # WARNING: The TCP backlog setting of 511 cannot be enforced because /proc/sys/net/core/somaxconn is set to the lower value of 128.
12269:M 16 Nov 2022 14:14:57.709 # Server initialized
12269:M 16 Nov 2022 14:14:57.709 # WARNING overcommit_memory is set to 0! Background save may fail under low memory condition. To fix this issue add 'vm.overcommit_memory = 1' to /etc/sysctl.conf and then reboot or run the command 'sysctl vm.overcommit_memory=1' for this to take effect.
12269:M 16 Nov 2022 14:14:57.709 * Ready to accept connections
12269:M 16 Nov 2022 14:21:58.829 # User requested shutdown...
12269:M 16 Nov 2022 14:21:58.829 * Removing the pid file.
12269:M 16 Nov 2022 14:21:58.829 # Redis is now ready to exit, bye bye...
26993:C 16 Nov 2022 14:21:59.035 # WARNING supervised by systemd - you MUST set appropriate values for TimeoutStartSec and TimeoutStopSec in your service unit.
26993:C 16 Nov 2022 14:21:59.035 # oO0OoO0OoO0Oo Redis is starting oO0OoO0OoO0Oo
26993:C 16 Nov 2022 14:21:59.035 # Redis version=6.0.9, bits=64, commit=00000000, modified=0, pid=26993, just started
26993:C 16 Nov 2022 14:21:59.035 # Configuration loaded
26993:M 16 Nov 2022 14:21:59.037 * Running mode=standalone, port=6379.
26993:M 16 Nov 2022 14:21:59.037 # WARNING: The TCP backlog setting of 511 cannot be enforced because /proc/sys/net/core/somaxconn is set to the lower value of 128.
26993:M 16 Nov 2022 14:21:59.037 # Server initialized
26993:M 16 Nov 2022 14:21:59.037 # WARNING overcommit_memory is set to 0! Background save may fail under low memory condition. To fix this issue add 'vm.overcommit_memory = 1' to /etc/sysctl.conf and then reboot or run the command 'sysctl vm.overcommit_memory=1' for this to take effect.
26993:M 16 Nov 2022 14:21:59.037 * Ready to accept connections
26993:M 16 Nov 2022 14:56:25.571 # User requested shutdown...
26993:M 16 Nov 2022 14:56:25.571 * Removing the pid file.
26993:M 16 Nov 2022 14:56:25.571 # Redis is now ready to exit, bye bye...
3922:C 16 Nov 2022 14:56:25.778 # WARNING supervised by systemd - you MUST set appropriate values for TimeoutStartSec and TimeoutStopSec in your service unit.
3922:C 16 Nov 2022 14:56:25.778 # oO0OoO0OoO0Oo Redis is starting oO0OoO0OoO0Oo
3922:C 16 Nov 2022 14:56:25.778 # Redis version=6.0.9, bits=64, commit=00000000, modified=0, pid=3922, just started
3922:C 16 Nov 2022 14:56:25.778 # Configuration loaded
3922:M 16 Nov 2022 14:56:25.779 * Running mode=standalone, port=6379.
3922:M 16 Nov 2022 14:56:25.779 # WARNING: The TCP backlog setting of 511 cannot be enforced because /proc/sys/net/core/somaxconn is set to the lower value of 128.
3922:M 16 Nov 2022 14:56:25.779 # Server initialized
3922:M 16 Nov 2022 14:56:25.779 # WARNING overcommit_memory is set to 0! Background save may fail under low memory condition. To fix this issue add 'vm.overcommit_memory = 1' to /etc/sysctl.conf and then reboot or run the command 'sysctl vm.overcommit_memory=1' for this to take effect.
3922:M 16 Nov 2022 14:56:25.779 * Ready to accept connections
3922:M 16 Nov 2022 15:08:10.945 # User requested shutdown...
3922:M 16 Nov 2022 15:08:10.945 * Removing the pid file.
3922:M 16 Nov 2022 15:08:10.945 # Redis is now ready to exit, bye bye...
28652:C 16 Nov 2022 15:08:11.151 # WARNING supervised by systemd - you MUST set appropriate values for TimeoutStartSec and TimeoutStopSec in your service unit.
28652:C 16 Nov 2022 15:08:11.151 # oO0OoO0OoO0Oo Redis is starting oO0OoO0OoO0Oo
28652:C 16 Nov 2022 15:08:11.151 # Redis version=6.0.9, bits=64, commit=00000000, modified=0, pid=28652, just started
28652:C 16 Nov 2022 15:08:11.151 # Configuration loaded
28652:M 16 Nov 2022 15:08:11.152 * Running mode=standalone, port=6379.
28652:M 16 Nov 2022 15:08:11.152 # WARNING: The TCP backlog setting of 511 cannot be enforced because /proc/sys/net/core/somaxconn is set to the lower value of 128.
28652:M 16 Nov 2022 15:08:11.152 # Server initialized
28652:M 16 Nov 2022 15:08:11.152 # WARNING overcommit_memory is set to 0! Background save may fail under low memory condition. To fix this issue add 'vm.overcommit_memory = 1' to /etc/sysctl.conf and then reboot or run the command 'sysctl vm.overcommit_memory=1' for this to take effect.
28652:M 16 Nov 2022 15:08:11.152 * Ready to accept connections
28652:M 16 Nov 2022 15:15:26.778 # User requested shutdown...
28652:M 16 Nov 2022 15:15:26.778 * Removing the pid file.
28652:M 16 Nov 2022 15:15:26.778 # Redis is now ready to exit, bye bye...
12178:C 16 Nov 2022 15:15:26.985 # WARNING supervised by systemd - you MUST set appropriate values for TimeoutStartSec and TimeoutStopSec in your service unit.
12178:C 16 Nov 2022 15:15:26.985 # oO0OoO0OoO0Oo Redis is starting oO0OoO0OoO0Oo
12178:C 16 Nov 2022 15:15:26.985 # Redis version=6.0.9, bits=64, commit=00000000, modified=0, pid=12178, just started
12178:C 16 Nov 2022 15:15:26.985 # Configuration loaded
12178:M 16 Nov 2022 15:15:26.986 * Running mode=standalone, port=6379.
12178:M 16 Nov 2022 15:15:26.986 # WARNING: The TCP backlog setting of 511 cannot be enforced because /proc/sys/net/core/somaxconn is set to the lower value of 128.
12178:M 16 Nov 2022 15:15:26.986 # Server initialized
12178:M 16 Nov 2022 15:15:26.986 # WARNING overcommit_memory is set to 0! Background save may fail under low memory condition. To fix this issue add 'vm.overcommit_memory = 1' to /etc/sysctl.conf and then reboot or run the command 'sysctl vm.overcommit_memory=1' for this to take effect.
12178:M 16 Nov 2022 15:15:26.986 * Ready to accept connections
12178:M 17 Nov 2022 10:44:59.234 # User requested shutdown...
12178:M 17 Nov 2022 10:44:59.234 * Removing the pid file.
12178:M 17 Nov 2022 10:44:59.234 # Redis is now ready to exit, bye bye...
15091:C 17 Nov 2022 10:44:59.438 # WARNING supervised by systemd - you MUST set appropriate values for TimeoutStartSec and TimeoutStopSec in your service unit.
15091:C 17 Nov 2022 10:44:59.439 # oO0OoO0OoO0Oo Redis is starting oO0OoO0OoO0Oo
15091:C 17 Nov 2022 10:44:59.439 # Redis version=6.0.9, bits=64, commit=00000000, modified=0, pid=15091, just started
15091:C 17 Nov 2022 10:44:59.439 # Configuration loaded
15091:M 17 Nov 2022 10:44:59.440 * Running mode=standalone, port=6379.
15091:M 17 Nov 2022 10:44:59.440 # WARNING: The TCP backlog setting of 511 cannot be enforced because /proc/sys/net/core/somaxconn is set to the lower value of 128.
15091:M 17 Nov 2022 10:44:59.440 # Server initialized
15091:M 17 Nov 2022 10:44:59.440 # WARNING overcommit_memory is set to 0! Background save may fail under low memory condition. To fix this issue add 'vm.overcommit_memory = 1' to /etc/sysctl.conf and then reboot or run the command 'sysctl vm.overcommit_memory=1' for this to take effect.
15091:M 17 Nov 2022 10:44:59.440 * Ready to accept connections
15091:M 17 Nov 2022 10:51:12.376 # User requested shutdown...
15091:M 17 Nov 2022 10:51:12.377 * Removing the pid file.
15091:M 17 Nov 2022 10:51:12.377 # Redis is now ready to exit, bye bye...
30684:C 17 Nov 2022 10:51:12.583 # WARNING supervised by systemd - you MUST set appropriate values for TimeoutStartSec and TimeoutStopSec in your service unit.
30684:C 17 Nov 2022 10:51:12.583 # oO0OoO0OoO0Oo Redis is starting oO0OoO0OoO0Oo
30684:C 17 Nov 2022 10:51:12.583 # Redis version=6.0.9, bits=64, commit=00000000, modified=0, pid=30684, just started
30684:C 17 Nov 2022 10:51:12.583 # Configuration loaded
30684:M 17 Nov 2022 10:51:12.586 * Running mode=standalone, port=6379.
30684:M 17 Nov 2022 10:51:12.586 # WARNING: The TCP backlog setting of 511 cannot be enforced because /proc/sys/net/core/somaxconn is set to the lower value of 128.
30684:M 17 Nov 2022 10:51:12.586 # Server initialized
30684:M 17 Nov 2022 10:51:12.586 # WARNING overcommit_memory is set to 0! Background save may fail under low memory condition. To fix this issue add 'vm.overcommit_memory = 1' to /etc/sysctl.conf and then reboot or run the command 'sysctl vm.overcommit_memory=1' for this to take effect.
30684:M 17 Nov 2022 10:51:12.586 * Ready to accept connections
